<?xml version="1.0" encoding="UTF-8"?>
<testng-results ignored="0" total="1" passed="1" failed="0" skipped="0">
  <reporter-output>
  </reporter-output>
  <suite started-at="2025-03-26T19:56:03 IST" name="Suite" finished-at="2025-03-26T19:56:22 IST" duration-ms="19068">
    <groups>
    </groups>
    <test started-at="2025-03-26T19:56:03 IST" name="Test" finished-at="2025-03-26T19:56:22 IST" duration-ms="19068">
      <class name="Test_Cases.Verify_Register">
        <test-method is-config="true" signature="setup()[pri:0, instance:Test_Cases.Verify_Register@757277dc]" started-at="2025-03-26T19:56:03 IST" name="setup" finished-at="2025-03-26T19:56:05 IST" duration-ms="1501" status="PASS">
          <reporter-output>
          </reporter-output>
        </test-method> <!-- setup -->
        <test-method signature="test_verify_register_functionality_001()[pri:0, instance:Test_Cases.Verify_Register@757277dc]" started-at="2025-03-26T19:56:05 IST" name="test_verify_register_functionality_001" finished-at="2025-03-26T19:56:22 IST" duration-ms="17386" status="PASS">
          <reporter-output>
          </reporter-output>
        </test-method> <!-- test_verify_register_functionality_001 -->
        <test-method is-config="true" signature="tearDown()[pri:0, instance:Test_Cases.Verify_Register@757277dc]" started-at="2025-03-26T19:56:22 IST" name="tearDown" finished-at="2025-03-26T19:56:22 IST" duration-ms="139" status="PASS">
          <reporter-output>
          </reporter-output>
        </test-method> <!-- tearDown -->
      </class> <!-- Test_Cases.Verify_Register -->
    </test> <!-- Test -->
  </suite> <!-- Suite -->
</testng-results>
